<?xml version="1.0" encoding="UTF-8"?>
<testng-results skipped="0" failed="0" ignored="0" total="1" passed="1">
  <reporter-output>
  </reporter-output>
  <suite name="Default suite" duration-ms="808" started-at="2020-05-03T14:31:57Z" finished-at="2020-05-03T14:31:57Z">
    <groups>
      <group name="cucumber">
        <method signature="AbstractTestNGCucumberTests.feature(cucumber.api.testng.CucumberFeatureWrapper)[pri:0, instance:runner.PostTestNgRunner@68c4039c]" name="feature" class="cucumber.api.testng.AbstractTestNGCucumberTests"/>
      </group> <!-- cucumber -->
    </groups>
    <test name="Default test" duration-ms="808" started-at="2020-05-03T14:31:57Z" finished-at="2020-05-03T14:31:57Z">
      <class name="runner.PostTestNgRunner">
        <test-method status="PASS" signature="setUpClass()[pri:0, instance:runner.PostTestNgRunner@68c4039c]" name="setUpClass" is-config="true" duration-ms="355" started-at="2020-05-03T20:01:57Z" finished-at="2020-05-03T20:01:57Z">
          <reporter-output>
          </reporter-output>
        </test-method> <!-- setUpClass -->
        <test-method status="PASS" signature="feature(cucumber.api.testng.CucumberFeatureWrapper)[pri:0, instance:runner.PostTestNgRunner@68c4039c]" name="feature" duration-ms="214" started-at="2020-05-03T20:01:57Z" description="Runs Cucumber Feature" data-provider="features" finished-at="2020-05-03T20:01:57Z">
          <params>
            <param index="0">
              <value>
                <![CDATA[User Login Feature]]>
              </value>
            </param>
          </params>
          <reporter-output>
          </reporter-output>
        </test-method> <!-- feature -->
        <test-method status="PASS" signature="tearDownClass()[pri:0, instance:runner.PostTestNgRunner@68c4039c]" name="tearDownClass" is-config="true" duration-ms="3" started-at="2020-05-03T20:01:57Z" finished-at="2020-05-03T20:01:57Z">
          <reporter-output>
          </reporter-output>
        </test-method> <!-- tearDownClass -->
      </class> <!-- runner.PostTestNgRunner -->
    </test> <!-- Default test -->
  </suite> <!-- Default suite -->
</testng-results>
